<?xml version="1.0" encoding="UTF-8"?>
<!-- Generated by org.testng.reporters.JUnitReportReporter -->
<testsuite hostname="LAPTOP-LCLJAJ2G" failures="0" tests="1" name="testScripts.OmnfiyCreateClass" time="67.465" errors="0" timestamp="2023-03-31T15:57:08 IST" skipped="0">
  <testcase classname="testScripts.OmnfiyCreateClass" name="testCaseCreateClass" time="67.465"/>
  <system-out/>
</testsuite> <!-- testScripts.OmnfiyCreateClass -->
